2025-09-19T15:09:10.479+08:00  INFO 10592 --- [demo] [main] c.e.s.a.ValueAnnotationPractice          : Starting ValueAnnotationPractice using Java 17.0.10 with PID 10592 (D:\files\docs\items\java-practice\java-maven-practice\target\classes started by terry in D:\files\docs\items\java-practice\java-maven-practice)
2025-09-19T15:09:10.486+08:00  INFO 10592 --- [demo] [main] c.e.s.a.ValueAnnotationPractice          : No active profile set, falling back to 1 default profile: "default"
2025-09-19T15:09:12.804+08:00  INFO 10592 --- [demo] [main] o.s.b.w.embedded.tomcat.TomcatWebServer  : Tomcat initialized with port 8081 (http)
2025-09-19T15:09:12.825+08:00  INFO 10592 --- [demo] [main] o.apache.catalina.core.StandardService   : Starting service [Tomcat]
2025-09-19T15:09:12.827+08:00  INFO 10592 --- [demo] [main] o.apache.catalina.core.StandardEngine    : Starting Servlet engine: [Apache Tomcat/10.1.41]
2025-09-19T15:09:12.918+08:00  INFO 10592 --- [demo] [main] o.a.c.c.C.[Tomcat].[localhost].[/]       : Initializing Spring embedded WebApplicationContext
2025-09-19T15:09:12.919+08:00  INFO 10592 --- [demo] [main] w.s.c.ServletWebServerApplicationContext : Root WebApplicationContext: initialization completed in 2302 ms
2025-09-19T15:09:13.847+08:00  INFO 10592 --- [demo] [main] o.s.b.w.embedded.tomcat.TomcatWebServer  : Tomcat started on port 8081 (http) with context path '/'
2025-09-19T15:09:13.861+08:00  INFO 10592 --- [demo] [main] c.e.s.a.ValueAnnotationPractice          : Started ValueAnnotationPractice in 4.709 seconds (process running for 5.32)
2025-09-19T15:14:41.453+08:00  INFO 10592 --- [demo] [SpringApplicationShutdownHook] o.s.b.w.e.tomcat.GracefulShutdown        : Commencing graceful shutdown. Waiting for active requests to complete
2025-09-19T15:14:41.903+08:00  INFO 10592 --- [demo] [tomcat-shutdown] o.s.b.w.e.tomcat.GracefulShutdown        : Graceful shutdown complete
2025-09-19T15:14:58.940+08:00  INFO 21084 --- [demo] [main] c.e.s.a.ValueAnnotationPractice          : Starting ValueAnnotationPractice using Java 17.0.10 with PID 21084 (D:\files\docs\items\java-practice\java-maven-practice\target\classes started by terry in D:\files\docs\items\java-practice\java-maven-practice)
2025-09-19T15:14:58.950+08:00  INFO 21084 --- [demo] [main] c.e.s.a.ValueAnnotationPractice          : No active profile set, falling back to 1 default profile: "default"
2025-09-19T15:15:01.216+08:00  INFO 21084 --- [demo] [main] o.s.b.w.embedded.tomcat.TomcatWebServer  : Tomcat initialized with port 8081 (http)
2025-09-19T15:15:01.236+08:00  INFO 21084 --- [demo] [main] o.apache.catalina.core.StandardService   : Starting service [Tomcat]
2025-09-19T15:15:01.237+08:00  INFO 21084 --- [demo] [main] o.apache.catalina.core.StandardEngine    : Starting Servlet engine: [Apache Tomcat/10.1.41]
2025-09-19T15:15:01.319+08:00  INFO 21084 --- [demo] [main] o.a.c.c.C.[Tomcat].[localhost].[/]       : Initializing Spring embedded WebApplicationContext
2025-09-19T15:15:01.320+08:00  INFO 21084 --- [demo] [main] w.s.c.ServletWebServerApplicationContext : Root WebApplicationContext: initialization completed in 2274 ms
2025-09-19T15:15:02.319+08:00  INFO 21084 --- [demo] [main] o.s.b.w.embedded.tomcat.TomcatWebServer  : Tomcat started on port 8081 (http) with context path '/'
2025-09-19T15:15:02.347+08:00  INFO 21084 --- [demo] [main] c.e.s.a.ValueAnnotationPractice          : Started ValueAnnotationPractice in 4.794 seconds (process running for 5.562)
2025-09-19T15:15:55.855+08:00  INFO 21084 --- [demo] [SpringApplicationShutdownHook] o.s.b.w.e.tomcat.GracefulShutdown        : Commencing graceful shutdown. Waiting for active requests to complete
2025-09-19T15:15:56.254+08:00  INFO 21084 --- [demo] [tomcat-shutdown] o.s.b.w.e.tomcat.GracefulShutdown        : Graceful shutdown complete
2025-09-19T15:16:03.735+08:00  INFO 18288 --- [demo] [main] c.e.s.a.ValueAnnotationPractice          : Starting ValueAnnotationPractice using Java 17.0.10 with PID 18288 (D:\files\docs\items\java-practice\java-maven-practice\target\classes started by terry in D:\files\docs\items\java-practice\java-maven-practice)
2025-09-19T15:16:03.744+08:00  INFO 18288 --- [demo] [main] c.e.s.a.ValueAnnotationPractice          : No active profile set, falling back to 1 default profile: "default"
2025-09-19T15:16:06.324+08:00  INFO 18288 --- [demo] [main] o.s.b.w.embedded.tomcat.TomcatWebServer  : Tomcat initialized with port 8081 (http)
2025-09-19T15:16:06.347+08:00  INFO 18288 --- [demo] [main] o.apache.catalina.core.StandardService   : Starting service [Tomcat]
2025-09-19T15:16:06.348+08:00  INFO 18288 --- [demo] [main] o.apache.catalina.core.StandardEngine    : Starting Servlet engine: [Apache Tomcat/10.1.41]
2025-09-19T15:16:06.441+08:00  INFO 18288 --- [demo] [main] o.a.c.c.C.[Tomcat].[localhost].[/]       : Initializing Spring embedded WebApplicationContext
2025-09-19T15:16:06.442+08:00  INFO 18288 --- [demo] [main] w.s.c.ServletWebServerApplicationContext : Root WebApplicationContext: initialization completed in 2583 ms
2025-09-19T15:16:07.659+08:00  INFO 18288 --- [demo] [main] o.s.b.w.embedded.tomcat.TomcatWebServer  : Tomcat started on port 8081 (http) with context path '/'
2025-09-19T15:16:07.676+08:00  INFO 18288 --- [demo] [main] c.e.s.a.ValueAnnotationPractice          : Started ValueAnnotationPractice in 5.278 seconds (process running for 6.141)
2025-09-19T15:19:46.832+08:00  INFO 10904 --- [demo] [main] c.e.s.a.ValueAnnotationPractice2         : Starting ValueAnnotationPractice2 using Java 17.0.10 with PID 10904 (D:\files\docs\items\java-practice\java-maven-practice\target\classes started by terry in D:\files\docs\items\java-practice\java-maven-practice)
2025-09-19T15:19:46.836+08:00  INFO 10904 --- [demo] [main] c.e.s.a.ValueAnnotationPractice2         : No active profile set, falling back to 1 default profile: "default"
2025-09-19T15:19:48.183+08:00  INFO 10904 --- [demo] [main] o.s.b.w.embedded.tomcat.TomcatWebServer  : Tomcat initialized with port 8081 (http)
2025-09-19T15:19:48.196+08:00  INFO 10904 --- [demo] [main] o.apache.catalina.core.StandardService   : Starting service [Tomcat]
2025-09-19T15:19:48.197+08:00  INFO 10904 --- [demo] [main] o.apache.catalina.core.StandardEngine    : Starting Servlet engine: [Apache Tomcat/10.1.41]
2025-09-19T15:19:48.267+08:00  INFO 10904 --- [demo] [main] o.a.c.c.C.[Tomcat].[localhost].[/]       : Initializing Spring embedded WebApplicationContext
2025-09-19T15:19:48.268+08:00  INFO 10904 --- [demo] [main] w.s.c.ServletWebServerApplicationContext : Root WebApplicationContext: initialization completed in 1372 ms
2025-09-19T15:19:48.750+08:00  WARN 10904 --- [demo] [main] ConfigServletWebServerApplicationContext : Exception encountered during context initialization - cancelling refresh attempt: org.springframework.context.ApplicationContextException: Failed to start bean 'webServerStartStop'
2025-09-19T15:19:48.772+08:00  INFO 10904 --- [demo] [main] .s.b.a.l.ConditionEvaluationReportLogger : 

Error starting ApplicationContext. To display the condition evaluation report re-run your application with 'debug' enabled.
2025-09-19T15:19:48.816+08:00 ERROR 10904 --- [demo] [main] o.s.b.d.LoggingFailureAnalysisReporter   : 

***************************
APPLICATION FAILED TO START
***************************

Description:

Web server failed to start. Port 8081 was already in use.

Action:

Identify and stop the process that's listening on port 8081 or configure this application to listen on another port.

2025-09-19T15:21:08.800+08:00  INFO 18288 --- [demo] [SpringApplicationShutdownHook] o.s.b.w.e.tomcat.GracefulShutdown        : Commencing graceful shutdown. Waiting for active requests to complete
2025-09-19T15:21:09.199+08:00  INFO 18288 --- [demo] [tomcat-shutdown] o.s.b.w.e.tomcat.GracefulShutdown        : Graceful shutdown complete
2025-09-19T15:21:22.074+08:00  INFO 7772 --- [demo] [main] c.e.s.a.ValueAnnotationPractice2         : Starting ValueAnnotationPractice2 using Java 17.0.10 with PID 7772 (D:\files\docs\items\java-practice\java-maven-practice\target\classes started by terry in D:\files\docs\items\java-practice\java-maven-practice)
2025-09-19T15:21:22.077+08:00  INFO 7772 --- [demo] [main] c.e.s.a.ValueAnnotationPractice2         : No active profile set, falling back to 1 default profile: "default"
2025-09-19T15:21:23.256+08:00  INFO 7772 --- [demo] [main] o.s.b.w.embedded.tomcat.TomcatWebServer  : Tomcat initialized with port 8082 (http)
2025-09-19T15:21:23.281+08:00  INFO 7772 --- [demo] [main] o.apache.catalina.core.StandardService   : Starting service [Tomcat]
2025-09-19T15:21:23.282+08:00  INFO 7772 --- [demo] [main] o.apache.catalina.core.StandardEngine    : Starting Servlet engine: [Apache Tomcat/10.1.41]
2025-09-19T15:21:23.384+08:00  INFO 7772 --- [demo] [main] o.a.c.c.C.[Tomcat].[localhost].[/]       : Initializing Spring embedded WebApplicationContext
2025-09-19T15:21:23.385+08:00  INFO 7772 --- [demo] [main] w.s.c.ServletWebServerApplicationContext : Root WebApplicationContext: initialization completed in 1248 ms
2025-09-19T15:21:23.794+08:00  INFO 7772 --- [demo] [main] o.s.b.w.embedded.tomcat.TomcatWebServer  : Tomcat started on port 8082 (http) with context path '/'
2025-09-19T15:21:23.808+08:00  INFO 7772 --- [demo] [main] c.e.s.a.ValueAnnotationPractice2         : Started ValueAnnotationPractice2 in 2.573 seconds (process running for 3.484)
2025-09-19T15:24:03.878+08:00  INFO 7772 --- [demo] [SpringApplicationShutdownHook] o.s.b.w.e.tomcat.GracefulShutdown        : Commencing graceful shutdown. Waiting for active requests to complete
2025-09-19T15:24:04.364+08:00  INFO 7772 --- [demo] [tomcat-shutdown] o.s.b.w.e.tomcat.GracefulShutdown        : Graceful shutdown complete
2025-09-19T15:24:11.855+08:00  INFO 21864 --- [demo] [main] c.e.s.a.ValueAnnotationPractice2         : Starting ValueAnnotationPractice2 using Java 17.0.10 with PID 21864 (D:\files\docs\items\java-practice\java-maven-practice\target\classes started by terry in D:\files\docs\items\java-practice\java-maven-practice)
2025-09-19T15:24:11.858+08:00  INFO 21864 --- [demo] [main] c.e.s.a.ValueAnnotationPractice2         : No active profile set, falling back to 1 default profile: "default"
2025-09-19T15:24:12.895+08:00  INFO 21864 --- [demo] [main] c.e.s.a.ValueAnnotationPractice2         : Started ValueAnnotationPractice2 in 1.774 seconds (process running for 2.655)
2025-09-19T15:25:04.767+08:00  INFO 13200 --- [demo] [main] c.e.s.a.ValueAnnotationPractice2         : Starting ValueAnnotationPractice2 using Java 17.0.10 with PID 13200 (D:\files\docs\items\java-practice\java-maven-practice\target\classes started by terry in D:\files\docs\items\java-practice\java-maven-practice)
2025-09-19T15:25:04.771+08:00  INFO 13200 --- [demo] [main] c.e.s.a.ValueAnnotationPractice2         : No active profile set, falling back to 1 default profile: "default"
2025-09-19T15:25:05.850+08:00  INFO 13200 --- [demo] [main] c.e.s.a.ValueAnnotationPractice2         : Started ValueAnnotationPractice2 in 2.133 seconds (process running for 3.243)
2025-09-19T15:42:25.948+08:00  INFO 6060 --- [demo] [main] c.e.s.a.service.ServicePractice          : Starting ServicePractice using Java 17.0.10 with PID 6060 (D:\files\docs\items\java-practice\java-maven-practice\target\classes started by terry in D:\files\docs\items\java-practice\java-maven-practice)
2025-09-19T15:42:25.952+08:00  INFO 6060 --- [demo] [main] c.e.s.a.service.ServicePractice          : No active profile set, falling back to 1 default profile: "default"
2025-09-19T15:42:26.993+08:00  INFO 6060 --- [demo] [main] o.s.b.w.embedded.tomcat.TomcatWebServer  : Tomcat initialized with port 8082 (http)
2025-09-19T15:42:27.007+08:00  INFO 6060 --- [demo] [main] o.apache.catalina.core.StandardService   : Starting service [Tomcat]
2025-09-19T15:42:27.007+08:00  INFO 6060 --- [demo] [main] o.apache.catalina.core.StandardEngine    : Starting Servlet engine: [Apache Tomcat/10.1.41]
2025-09-19T15:42:27.076+08:00  INFO 6060 --- [demo] [main] o.a.c.c.C.[Tomcat].[localhost].[/]       : Initializing Spring embedded WebApplicationContext
2025-09-19T15:42:27.077+08:00  INFO 6060 --- [demo] [main] w.s.c.ServletWebServerApplicationContext : Root WebApplicationContext: initialization completed in 1066 ms
2025-09-19T15:42:27.548+08:00  INFO 6060 --- [demo] [main] o.s.b.w.embedded.tomcat.TomcatWebServer  : Tomcat started on port 8082 (http) with context path '/'
2025-09-19T15:42:27.558+08:00  INFO 6060 --- [demo] [main] c.e.s.a.service.ServicePractice          : Started ServicePractice in 2.504 seconds (process running for 3.388)
